<?xml version="1.0" encoding="UTF-8"?>
<!-- Generated by org.testng.reporters.JUnitXMLReporter -->
<testsuite ignored="0" hostname="invlko047-Latitude-7490" failures="1" tests="1" name="WiFiTest" time="22.121" errors="0" timestamp="2023-12-21T12:15:39 IST">
  <testcase classname="WiFi.WiFiToggleButtonOnOff" name="WiFiTest" time="12.456">
    <failure type="org.openqa.selenium.NoSuchElementException" message="An element could not be located on the page using the given search parameters.
For documentation on this error, please visit: https://www.seleniumhq.org/exceptions/no_such_element.html
Build info: version: &amp;apos;3.141.59&amp;apos;, revision: &amp;apos;e82be7d358&amp;apos;, time: &amp;apos;2018-11-14T08:17:03&amp;apos;
System info: host: &amp;apos;invlko047-Latitude-7490&amp;apos;, ip: &amp;apos;127.0.1.1&amp;apos;, os.name: &amp;apos;Linux&amp;apos;, os.arch: &amp;apos;amd64&amp;apos;, os.version: &amp;apos;6.2.0-39-generic&amp;apos;, java.version: &amp;apos;17.0.6&amp;apos;
Driver info: io.appium.java_client.android.AndroidDriver
Capabilities {appActivity: com.android.settings.Settings, appPackage: com.android.settings, appium-version: 1.22.3, automationName: UiAutomator2, databaseEnabled: false, desired: {appActivity: com.android.settings.Settings, appPackage: com.android.settings, appium-version: 1.22.3, automationName: UiAutomator2, deviceId: 0123456789ABCDEF, deviceName: along_8765, fullReset: false, noReset: true, platformName: android, platformVersion: 11, suppressKillServer: true, udid: 472cec8}, deviceApiLevel: 32, deviceId: 0123456789ABCDEF, deviceManufacturer: QUALCOMM, deviceModel: Bengal for arm, deviceName: 472cec8, deviceScreenDensity: 240, deviceScreenSize: 720x1280, deviceUDID: 472cec8, fullReset: false, javascriptEnabled: true, locationContextEnabled: false, networkConnectionEnabled: true, noReset: true, pixelRatio: 1.5, platform: LINUX, platformName: Android, platformVersion: 12, statBarHeight: 36, suppressKillServer: true, takesScreenshot: true, udid: 472cec8, viewportRect: {height: 1172, left: 0, top: 36, width: 720}, warnings: {}, webStorageEnabled: false}
Session ID: eebf0ce1-ea90-4cb1-a955-b9a32d141535
*** Element info: {Using=xpath, value=//android.widget.TextView[@text=&amp;apos;Wi‑Fi&amp;apos;]}">
      <![CDATA[org.openqa.selenium.NoSuchElementException: An element could not be located on the page using the given search parameters.
For documentation on this error, please visit: https://www.seleniumhq.org/exceptions/no_such_element.html
Build info: version: '3.141.59', revision: 'e82be7d358', time: '2018-11-14T08:17:03'
System info: host: 'invlko047-Latitude-7490', ip: '127.0.1.1', os.name: 'Linux', os.arch: 'amd64', os.version: '6.2.0-39-generic', java.version: '17.0.6'
Driver info: io.appium.java_client.android.AndroidDriver
Capabilities {appActivity: com.android.settings.Settings, appPackage: com.android.settings, appium-version: 1.22.3, automationName: UiAutomator2, databaseEnabled: false, desired: {appActivity: com.android.settings.Settings, appPackage: com.android.settings, appium-version: 1.22.3, automationName: UiAutomator2, deviceId: 0123456789ABCDEF, deviceName: along_8765, fullReset: false, noReset: true, platformName: android, platformVersion: 11, suppressKillServer: true, udid: 472cec8}, deviceApiLevel: 32, deviceId: 0123456789ABCDEF, deviceManufacturer: QUALCOMM, deviceModel: Bengal for arm, deviceName: 472cec8, deviceScreenDensity: 240, deviceScreenSize: 720x1280, deviceUDID: 472cec8, fullReset: false, javascriptEnabled: true, locationContextEnabled: false, networkConnectionEnabled: true, noReset: true, pixelRatio: 1.5, platform: LINUX, platformName: Android, platformVersion: 12, statBarHeight: 36, suppressKillServer: true, takesScreenshot: true, udid: 472cec8, viewportRect: {height: 1172, left: 0, top: 36, width: 720}, warnings: {}, webStorageEnabled: false}
Session ID: eebf0ce1-ea90-4cb1-a955-b9a32d141535
*** Element info: {Using=xpath, value=//android.widget.TextView[@text='Wi‑Fi']}
at org.openqa.selenium.remote.http.W3CHttpResponseCodec.createException(W3CHttpResponseCodec.java:187)
at org.openqa.selenium.remote.http.W3CHttpResponseCodec.decode(W3CHttpResponseCodec.java:122)
at org.openqa.selenium.remote.http.W3CHttpResponseCodec.decode(W3CHttpResponseCodec.java:49)
at org.openqa.selenium.remote.HttpCommandExecutor.execute(HttpCommandExecutor.java:158)
at io.appium.java_client.remote.AppiumCommandExecutor.execute(AppiumCommandExecutor.java:250)
at org.openqa.selenium.remote.RemoteWebDriver.execute(RemoteWebDriver.java:552)
at io.appium.java_client.DefaultGenericMobileDriver.execute(DefaultGenericMobileDriver.java:41)
at io.appium.java_client.AppiumDriver.execute(AppiumDriver.java:1)
at io.appium.java_client.android.AndroidDriver.execute(AndroidDriver.java:1)
at org.openqa.selenium.remote.RemoteWebDriver.findElement(RemoteWebDriver.java:323)
at io.appium.java_client.DefaultGenericMobileDriver.findElement(DefaultGenericMobileDriver.java:61)
at io.appium.java_client.AppiumDriver.findElement(AppiumDriver.java:1)
at io.appium.java_client.android.AndroidDriver.findElement(AndroidDriver.java:1)
at org.openqa.selenium.remote.RemoteWebDriver.findElementByXPath(RemoteWebDriver.java:428)
at io.appium.java_client.DefaultGenericMobileDriver.findElementByXPath(DefaultGenericMobileDriver.java:151)
at io.appium.java_client.AppiumDriver.findElementByXPath(AppiumDriver.java:1)
at io.appium.java_client.android.AndroidDriver.findElementByXPath(AndroidDriver.java:1)
at WiFi.WiFiToggleButtonOnOff.WiFiTest(WiFiToggleButtonOnOff.java:69)
at java.base/java.util.concurrent.ThreadPoolExecutor.runWorker(ThreadPoolExecutor.java:1136)
at java.base/java.util.concurrent.ThreadPoolExecutor$Worker.run(ThreadPoolExecutor.java:635)
at java.base/java.lang.Thread.run(Thread.java:833)
... Removed 17 stack frames]]>
    </failure>
  </testcase> <!-- WiFiTest -->
</testsuite> <!-- WiFiTest -->
