<?xml version="1.0" encoding="UTF-8"?>
<!-- Generated by org.testng.reporters.JUnitXMLReporter -->
<testsuite hostname="aditya" ignored="0" name="Test1" tests="13" failures="1" timestamp="2022-02-17T11:25:39 IST" time="31.799" errors="0">
  <testcase name="@AfterMethod Teardown" time="0.006" classname="tests.BaseClass">
    <failure type="org.openqa.selenium.WebDriverException" message="Connection refused (Connection refused)
Build info: version: &amp;apos;3.141.59&amp;apos;, revision: &amp;apos;e82be7d358&amp;apos;, time: &amp;apos;2018-11-14T08:17:03&amp;apos;
System info: host: &amp;apos;aditya&amp;apos;, ip: &amp;apos;172.17.0.1&amp;apos;, os.name: &amp;apos;Linux&amp;apos;, os.arch: &amp;apos;amd64&amp;apos;, os.version: &amp;apos;5.13.0-28-generic&amp;apos;, java.version: &amp;apos;1.8.0_312&amp;apos;
Driver info: driver.version: RemoteWebDriver">
      <![CDATA[org.openqa.selenium.WebDriverException: Connection refused (Connection refused)
Build info: version: '3.141.59', revision: 'e82be7d358', time: '2018-11-14T08:17:03'
System info: host: 'aditya', ip: '172.17.0.1', os.name: 'Linux', os.arch: 'amd64', os.version: '5.13.0-28-generic', java.version: '1.8.0_312'
Driver info: driver.version: RemoteWebDriver
at io.appium.java_client.remote.AppiumCommandExecutor.lambda$6(AppiumCommandExecutor.java:262)
at java.util.Optional.orElseGet(Optional.java:267)
at io.appium.java_client.remote.AppiumCommandExecutor.execute(AppiumCommandExecutor.java:261)
at org.openqa.selenium.remote.RemoteWebDriver.execute(RemoteWebDriver.java:552)
at io.appium.java_client.DefaultGenericMobileDriver.execute(DefaultGenericMobileDriver.java:45)
at io.appium.java_client.AppiumDriver.execute(AppiumDriver.java:1)
at org.openqa.selenium.remote.RemoteWebDriver.quit(RemoteWebDriver.java:452)
at tests.BaseClass.Teardown(BaseClass.java:226)
at java.util.concurrent.ThreadPoolExecutor.runWorker(ThreadPoolExecutor.java:1149)
at java.util.concurrent.ThreadPoolExecutor$Worker.run(ThreadPoolExecutor.java:624)
at java.lang.Thread.run(Thread.java:748)
Caused by: java.net.ConnectException: Connection refused (Connection refused)
at java.net.PlainSocketImpl.socketConnect(Native Method)
at java.net.AbstractPlainSocketImpl.doConnect(AbstractPlainSocketImpl.java:350)
at java.net.AbstractPlainSocketImpl.connectToAddress(AbstractPlainSocketImpl.java:206)
at java.net.AbstractPlainSocketImpl.connect(AbstractPlainSocketImpl.java:188)
at java.net.SocksSocketImpl.connect(SocksSocketImpl.java:392)
at java.net.Socket.connect(Socket.java:607)
at okhttp3.internal.platform.Platform.connectSocket(Platform.java:129)
at okhttp3.internal.connection.RealConnection.connectSocket(RealConnection.java:245)
at okhttp3.internal.connection.RealConnection.connect(RealConnection.java:165)
at okhttp3.internal.connection.StreamAllocation.findConnection(StreamAllocation.java:257)
at okhttp3.internal.connection.StreamAllocation.findHealthyConnection(StreamAllocation.java:135)
at okhttp3.internal.connection.StreamAllocation.newStream(StreamAllocation.java:114)
at okhttp3.internal.connection.ConnectInterceptor.intercept(ConnectInterceptor.java:42)
at okhttp3.internal.http.RealInterceptorChain.proceed(RealInterceptorChain.java:147)
at okhttp3.internal.http.RealInterceptorChain.proceed(RealInterceptorChain.java:121)
at okhttp3.internal.cache.CacheInterceptor.intercept(CacheInterceptor.java:93)
at okhttp3.internal.http.RealInterceptorChain.proceed(RealInterceptorChain.java:147)
at okhttp3.internal.http.RealInterceptorChain.proceed(RealInterceptorChain.java:121)
at okhttp3.internal.http.BridgeInterceptor.intercept(BridgeInterceptor.java:93)
at okhttp3.internal.http.RealInterceptorChain.proceed(RealInterceptorChain.java:147)
at okhttp3.internal.http.RetryAndFollowUpInterceptor.intercept(RetryAndFollowUpInterceptor.java:126)
at okhttp3.internal.http.RealInterceptorChain.proceed(RealInterceptorChain.java:147)
at okhttp3.internal.http.RealInterceptorChain.proceed(RealInterceptorChain.java:121)
at okhttp3.RealCall.getResponseWithInterceptorChain(RealCall.java:200)
at okhttp3.RealCall.execute(RealCall.java:77)
at org.openqa.selenium.remote.internal.OkHttpClient.execute(OkHttpClient.java:103)
at org.openqa.selenium.remote.HttpCommandExecutor.execute(HttpCommandExecutor.java:155)
at io.appium.java_client.remote.AppiumCommandExecutor.execute(AppiumCommandExecutor.java:250)
... 25 more
... Removed 17 stack frames]]>
    </failure>
  </testcase> <!-- @AfterMethod Teardown -->
  <testcase name="@BeforeMethod setup" time="-1.645077339389E9" classname="tests.BaseClass">
    <skipped/>
  </testcase> <!-- @BeforeMethod setup -->
  <testcase name="@AfterMethod Teardown" time="-1.645077339397E9" classname="tests.BaseClass">
    <skipped/>
  </testcase> <!-- @AfterMethod Teardown -->
  <testcase name="@BeforeMethod setup" time="-1.645077339399E9" classname="tests.BaseClass">
    <skipped/>
  </testcase> <!-- @BeforeMethod setup -->
  <testcase name="@AfterMethod Teardown" time="-1.645077339403E9" classname="tests.BaseClass">
    <skipped/>
  </testcase> <!-- @AfterMethod Teardown -->
  <testcase name="@BeforeMethod setup" time="-1.645077339404E9" classname="tests.BaseClass">
    <skipped/>
  </testcase> <!-- @BeforeMethod setup -->
  <testcase name="@AfterMethod Teardown" time="-1.645077339408E9" classname="tests.BaseClass">
    <skipped/>
  </testcase> <!-- @AfterMethod Teardown -->
  <testcase name="@BeforeMethod setup" time="-1.645077339409E9" classname="tests.BaseClass">
    <skipped/>
  </testcase> <!-- @BeforeMethod setup -->
  <testcase name="@AfterMethod Teardown" time="-1.645077339414E9" classname="tests.BaseClass">
    <skipped/>
  </testcase> <!-- @AfterMethod Teardown -->
  <testcase name="@BeforeMethod setup" time="-1.645077339415E9" classname="tests.BaseClass">
    <skipped/>
  </testcase> <!-- @BeforeMethod setup -->
  <testcase name="@AfterMethod Teardown" time="-1.645077339421E9" classname="tests.BaseClass">
    <skipped/>
  </testcase> <!-- @AfterMethod Teardown -->
  <testcase name="@BeforeMethod setup" time="-1.645077339422E9" classname="tests.BaseClass">
    <skipped/>
  </testcase> <!-- @BeforeMethod setup -->
  <testcase name="@AfterMethod Teardown" time="-1.645077339427E9" classname="tests.BaseClass">
    <skipped/>
  </testcase> <!-- @AfterMethod Teardown -->
  <testcase name="@BeforeMethod setup" time="-1.645077339428E9" classname="tests.BaseClass">
    <skipped/>
  </testcase> <!-- @BeforeMethod setup -->
  <testcase name="@AfterMethod Teardown" time="-1.645077339432E9" classname="tests.BaseClass">
    <skipped/>
  </testcase> <!-- @AfterMethod Teardown -->
  <testcase name="@BeforeMethod setup" time="-1.645077339435E9" classname="tests.BaseClass">
    <skipped/>
  </testcase> <!-- @BeforeMethod setup -->
  <testcase name="@AfterMethod Teardown" time="-1.645077339439E9" classname="tests.BaseClass">
    <skipped/>
  </testcase> <!-- @AfterMethod Teardown -->
  <testcase name="@BeforeMethod setup" time="-1.64507733944E9" classname="tests.BaseClass">
    <skipped/>
  </testcase> <!-- @BeforeMethod setup -->
  <testcase name="@AfterMethod Teardown" time="-1.645077339447E9" classname="tests.BaseClass">
    <skipped/>
  </testcase> <!-- @AfterMethod Teardown -->
  <testcase name="@BeforeMethod setup" time="-1.645077339448E9" classname="tests.BaseClass">
    <skipped/>
  </testcase> <!-- @BeforeMethod setup -->
  <testcase name="@AfterMethod Teardown" time="-1.645077339451E9" classname="tests.BaseClass">
    <skipped/>
  </testcase> <!-- @AfterMethod Teardown -->
  <testcase name="@BeforeMethod setup" time="-1.645077339453E9" classname="tests.BaseClass">
    <skipped/>
  </testcase> <!-- @BeforeMethod setup -->
  <testcase name="@AfterMethod Teardown" time="-1.645077339457E9" classname="tests.BaseClass">
    <skipped/>
  </testcase> <!-- @AfterMethod Teardown -->
  <testcase name="BluetoothTest" time="0.006" classname="tests.MyApplicationsTesting">
    <failure type="java.lang.NullPointerException">
      <![CDATA[java.lang.NullPointerException
at tests.MyApplicationsTesting.BluetoothTest(MyApplicationsTesting.java:20)
at java.util.concurrent.ThreadPoolExecutor.runWorker(ThreadPoolExecutor.java:1149)
at java.util.concurrent.ThreadPoolExecutor$Worker.run(ThreadPoolExecutor.java:624)
at java.lang.Thread.run(Thread.java:748)
... Removed 12 stack frames]]>
    </failure>
  </testcase> <!-- BluetoothTest -->
  <testcase name="simpleTest" time="0.004" classname="tests.BaseClass"/>
  <testcase name="WiFiTest" time="0.0" classname="tests.MyApplicationsTesting">
    <skipped/>
  </testcase> <!-- WiFiTest -->
  <testcase name="CalculatorTest" time="0.0" classname="tests.MyApplicationsTesting">
    <skipped/>
  </testcase> <!-- CalculatorTest -->
  <testcase name="CameraTest" time="0.0" classname="tests.MyApplicationsTesting">
    <skipped/>
  </testcase> <!-- CameraTest -->
  <testcase name="ClockTest" time="0.0" classname="tests.MyApplicationsTesting">
    <skipped/>
  </testcase> <!-- ClockTest -->
  <testcase name="ContactsTest" time="0.0" classname="tests.MyApplicationsTesting">
    <skipped/>
  </testcase> <!-- ContactsTest -->
  <testcase name="DisplayTest" time="0.0" classname="tests.MyApplicationsTesting">
    <skipped/>
  </testcase> <!-- DisplayTest -->
  <testcase name="GalleryTest" time="0.0" classname="tests.MyApplicationsTesting">
    <skipped/>
  </testcase> <!-- GalleryTest -->
  <testcase name="MessagingTest" time="0.0" classname="tests.MyApplicationsTesting">
    <skipped/>
  </testcase> <!-- MessagingTest -->
  <testcase name="DiallerTest" time="0.0" classname="tests.MyApplicationsTesting">
    <skipped/>
  </testcase> <!-- DiallerTest -->
  <testcase name="SoundRecorderTest" time="0.0" classname="tests.MyApplicationsTesting">
    <skipped/>
  </testcase> <!-- SoundRecorderTest -->
  <testcase name="simpleTest" time="0.0" classname="tests.BaseClass">
    <skipped/>
  </testcase> <!-- simpleTest -->
</testsuite> <!-- Test1 -->
