<?xml version="1.0" encoding="UTF-8"?>
<!-- Generated by org.testng.reporters.JUnitXMLReporter -->
<testsuite hostname="invlko047-Latitude-7490" ignored="0" name="AboutTabletTest" tests="1" failures="0" timestamp="2023-03-15T16:28:47 IST" time="129.689" errors="0">
  <testcase name="DeviceName_EmergencyInformation_LegalInformation_ModelAndHardware_AndroidVersion_WiFiMacAddress_CustomBuildVersion_BuildNumber_SoftwareUpdates_Test" time="114.644" classname="AboutTablet.DeviceName_EmergencyInformation_LegalInformation_ModelAndHardware_AndroidVersion_WiFiMacAddress_CustomBuildVersion_BuildNumber_SoftwareUpdates_Tests"/>
</testsuite> <!-- AboutTabletTest -->
