<?xml version="1.0" encoding="UTF-8"?>
<!-- Generated by org.testng.reporters.JUnitXMLReporter -->
<testsuite hostname="invlko047-Latitude-7490" ignored="0" name="Accessibility2Test" tests="1" failures="0" timestamp="2023-03-15T16:04:45 IST" time="131.461" errors="0">
  <testcase name="AcessibilityMenu_SwitchAccess_Autoclick_PowerButtonsEndsCall_AutoRotateScreen_TouchAndHoldDelayTimeToTakeAction_VibrationAndHapticStrength_SystemNavigation_Test" time="119.716" classname="Accessibility2.AcessibilityMenu_SwitchAccess_Autoclick_PowerButtonsEndsCall_AutoRotateScreen_TouchAndHoldDelayTimeToTakeAction_VibrationAndHapticStrength_SystemNavigation_Tests"/>
</testsuite> <!-- Accessibility2Test -->
