<?xml version="1.0" encoding="UTF-8"?>
<!-- Generated by org.testng.reporters.JUnitXMLReporter -->
<testsuite hostname="invlko047-Latitude-7490" ignored="0" name="AccessibilityTest" tests="1" failures="0" timestamp="2023-03-15T16:02:34 IST" time="184.743" errors="0">
  <testcase name="SelectToSpeak_TallBack_TextToSpeechOutput_FontSize_DisplaySize_DarkTheme__Magnification_ColorCorrection_ColorInversion_LargeMousePointer_RemoveAnimationsTest" time="173.941" classname="Accessibility.SelectToSpeak_TallBack_TextToSpeechOutput_FontSize_DisplaySize_DarkTheme_Magnification_ColorCorrection_ColorInversion_LargeMousePointer_RemoveAnimations_Tests"/>
</testsuite> <!-- AccessibilityTest -->
