<?xml version="1.0" encoding="UTF-8"?>
<!-- Generated by org.testng.reporters.JUnitXMLReporter -->
<testsuite hostname="invlko047-Latitude-7490" ignored="0" name="DigitalWellbeingAndParantelControlsTest" tests="1" failures="0" timestamp="2023-03-15T16:15:07 IST" time="537.584" errors="0">
  <testcase name="Dashboard_BedtimeMode_FocusMode_ManageNotification_DoNotDisturb_HeadsUP_ShowIconInTheAppList_Test" time="524.713" classname="DigitalWellbeingAndParantelControls.Dashboard_BedtimeMode_FocusMode_ManageNotification_DoNotDisturb_HeadsUP_ShowIconInTheAppList_Tests"/>
</testsuite> <!-- DigitalWellbeingAndParantelControlsTest -->
