<?xml version="1.0" encoding="UTF-8"?>
<!-- Generated by org.testng.reporters.JUnitXMLReporter -->
<testsuite hostname="invlko047-Latitude-7490" ignored="0" name="GoogleTest" tests="1" failures="0" timestamp="2023-03-15T16:18:35 IST" time="208.563" errors="0">
  <testcase name="Ads_Autofill_Backup_DevicesAndSharing_FindMyDevice_MobileDataAndMessaging_ParentalControls_PersonalizeUsingSharedData_SetupAndRestore_FirebaseAppIndexing_Test" time="197.738" classname="Google.Ads_Autofill_Backup_DevicesAndSharing_FindMyDevice_MobileDataAndMessaging_ParentalControls_PersonalizeUsingSharedData_SetupAndRestore_FirebaseAppIndexing_Tests"/>
</testsuite> <!-- GoogleTest -->
