<?xml version="1.0" encoding="UTF-8"?>
<!-- Generated by org.testng.reporters.JUnitXMLReporter -->
<testsuite hostname="invlko047-Latitude-7490" ignored="0" name="PrivacyTest" tests="1" failures="0" timestamp="2023-03-15T15:56:55 IST" time="107.853" errors="0">
  <testcase name="PermissionManager_ShowPasswords_NotificatonOnLockScreen_AutofillServiceFromGoogle_GoogleLocationHistory_ActivityControls_Ads_UsageAndDiagnosticsTests" time="96.559" classname="Privacy.PermissionManager_ShowPasswords_NotificatonOnLockScreen_AutofillServiceFromGoogle_GoogleLocationHistory_ActivityControls_Ads_UsageAndDiagnostics_Tests"/>
</testsuite> <!-- PrivacyTest -->
