<?xml version="1.0" encoding="UTF-8"?>
<!-- Generated by org.testng.reporters.JUnitXMLReporter -->
<testsuite hostname="invlko047-Latitude-7490" ignored="0" name="StorageTest" tests="1" failures="0" timestamp="2023-03-15T15:55:07 IST" time="71.815" errors="0">
  <testcase name="PhotosAndVideos_MusicAndAudio_Games_MoviesAndTVApps_OtherApps_Files_System_Test" time="60.522" classname="Storage.PhotosAndVideos_MusicAndAudio_Games_MoviesAndTVApps_OtherApps_Files_System_Tests"/>
</testsuite> <!-- StorageTest -->
