<?xml version="1.0" encoding="UTF-8"?>
<!-- Generated by org.testng.reporters.JUnitXMLReporter -->
<testsuite ignored="0" hostname="invlko047-Latitude-7490" failures="1" tests="1" name="GalleryTest" time="25.463" errors="0" timestamp="2023-03-02T18:41:22 IST">
  <testcase classname="Gallery.LaunchPictureFromGallery" name="GalleryTest" time="12.209">
    <failure type="org.openqa.selenium.NoSuchElementException" message="An element could not be located on the page using the given search parameters.
For documentation on this error, please visit: https://www.seleniumhq.org/exceptions/no_such_element.html
Build info: version: &amp;apos;3.141.59&amp;apos;, revision: &amp;apos;e82be7d358&amp;apos;, time: &amp;apos;2018-11-14T08:17:03&amp;apos;
System info: host: &amp;apos;invlko047-Latitude-7490&amp;apos;, ip: &amp;apos;127.0.1.1&amp;apos;, os.name: &amp;apos;Linux&amp;apos;, os.arch: &amp;apos;amd64&amp;apos;, os.version: &amp;apos;5.19.0-32-generic&amp;apos;, java.version: &amp;apos;17.0.6&amp;apos;
Driver info: io.appium.java_client.android.AndroidDriver
Capabilities {appActivity: com.google.android.apps.pho..., appPackage: com.google.android.apps.pho..., appium-version: 1.22.3, automationName: UiAutomator2, databaseEnabled: false, desired: {appActivity: com.google.android.apps.pho..., appPackage: com.google.android.apps.pho..., appium-version: 1.22.3, automationName: UiAutomator2, deviceId: 0123456789ABCDEF, deviceName: along_8765, fullReset: false, noReset: true, platformName: android, platformVersion: 11, suppressKillServer: true, udid: 192.168.18.71:5555}, deviceApiLevel: 30, deviceId: 0123456789ABCDEF, deviceManufacturer: alps, deviceModel: along_8765, deviceName: 192.168.18.71:5555, deviceScreenDensity: 180, deviceScreenSize: 800x1280, deviceUDID: 192.168.18.71:5555, fullReset: false, javascriptEnabled: true, locationContextEnabled: false, networkConnectionEnabled: true, noReset: true, pixelRatio: 1.125, platform: LINUX, platformName: Android, platformVersion: 11, statBarHeight: 27, suppressKillServer: true, takesScreenshot: true, udid: 192.168.18.71:5555, viewportRect: {height: 1199, left: 0, top: 27, width: 800}, warnings: {}, webStorageEnabled: false}
Session ID: 5fa285e5-5069-4d7e-bd82-0e288b66c840
*** Element info: {Using=id, value=com.google.android.apps.photosgo:id/single_photo}">
      <![CDATA[org.openqa.selenium.NoSuchElementException: An element could not be located on the page using the given search parameters.
For documentation on this error, please visit: https://www.seleniumhq.org/exceptions/no_such_element.html
Build info: version: '3.141.59', revision: 'e82be7d358', time: '2018-11-14T08:17:03'
System info: host: 'invlko047-Latitude-7490', ip: '127.0.1.1', os.name: 'Linux', os.arch: 'amd64', os.version: '5.19.0-32-generic', java.version: '17.0.6'
Driver info: io.appium.java_client.android.AndroidDriver
Capabilities {appActivity: com.google.android.apps.pho..., appPackage: com.google.android.apps.pho..., appium-version: 1.22.3, automationName: UiAutomator2, databaseEnabled: false, desired: {appActivity: com.google.android.apps.pho..., appPackage: com.google.android.apps.pho..., appium-version: 1.22.3, automationName: UiAutomator2, deviceId: 0123456789ABCDEF, deviceName: along_8765, fullReset: false, noReset: true, platformName: android, platformVersion: 11, suppressKillServer: true, udid: 192.168.18.71:5555}, deviceApiLevel: 30, deviceId: 0123456789ABCDEF, deviceManufacturer: alps, deviceModel: along_8765, deviceName: 192.168.18.71:5555, deviceScreenDensity: 180, deviceScreenSize: 800x1280, deviceUDID: 192.168.18.71:5555, fullReset: false, javascriptEnabled: true, locationContextEnabled: false, networkConnectionEnabled: true, noReset: true, pixelRatio: 1.125, platform: LINUX, platformName: Android, platformVersion: 11, statBarHeight: 27, suppressKillServer: true, takesScreenshot: true, udid: 192.168.18.71:5555, viewportRect: {height: 1199, left: 0, top: 27, width: 800}, warnings: {}, webStorageEnabled: false}
Session ID: 5fa285e5-5069-4d7e-bd82-0e288b66c840
*** Element info: {Using=id, value=com.google.android.apps.photosgo:id/single_photo}
at org.openqa.selenium.remote.http.W3CHttpResponseCodec.createException(W3CHttpResponseCodec.java:187)
at org.openqa.selenium.remote.http.W3CHttpResponseCodec.decode(W3CHttpResponseCodec.java:122)
at org.openqa.selenium.remote.http.W3CHttpResponseCodec.decode(W3CHttpResponseCodec.java:49)
at org.openqa.selenium.remote.HttpCommandExecutor.execute(HttpCommandExecutor.java:158)
at io.appium.java_client.remote.AppiumCommandExecutor.execute(AppiumCommandExecutor.java:250)
at org.openqa.selenium.remote.RemoteWebDriver.execute(RemoteWebDriver.java:552)
at io.appium.java_client.DefaultGenericMobileDriver.execute(DefaultGenericMobileDriver.java:41)
at io.appium.java_client.AppiumDriver.execute(AppiumDriver.java:1)
at io.appium.java_client.android.AndroidDriver.execute(AndroidDriver.java:1)
at org.openqa.selenium.remote.RemoteWebDriver.findElement(RemoteWebDriver.java:323)
at io.appium.java_client.DefaultGenericMobileDriver.findElement(DefaultGenericMobileDriver.java:61)
at io.appium.java_client.AppiumDriver.findElement(AppiumDriver.java:1)
at io.appium.java_client.android.AndroidDriver.findElement(AndroidDriver.java:1)
at org.openqa.selenium.remote.RemoteWebDriver.findElementById(RemoteWebDriver.java:372)
at io.appium.java_client.DefaultGenericMobileDriver.findElementById(DefaultGenericMobileDriver.java:69)
at io.appium.java_client.AppiumDriver.findElementById(AppiumDriver.java:1)
at io.appium.java_client.android.AndroidDriver.findElementById(AndroidDriver.java:1)
at org.openqa.selenium.By$ById.findElement(By.java:188)
at org.openqa.selenium.remote.RemoteWebDriver.findElement(RemoteWebDriver.java:315)
at io.appium.java_client.DefaultGenericMobileDriver.findElement(DefaultGenericMobileDriver.java:57)
at io.appium.java_client.AppiumDriver.findElement(AppiumDriver.java:1)
at io.appium.java_client.android.AndroidDriver.findElement(AndroidDriver.java:1)
at Gallery.LaunchPictureFromGallery.GalleryTest(LaunchPictureFromGallery.java:70)
at java.base/java.util.concurrent.ThreadPoolExecutor.runWorker(ThreadPoolExecutor.java:1136)
at java.base/java.util.concurrent.ThreadPoolExecutor$Worker.run(ThreadPoolExecutor.java:635)
at java.base/java.lang.Thread.run(Thread.java:833)
... Removed 17 stack frames]]>
    </failure>
  </testcase> <!-- GalleryTest -->
</testsuite> <!-- GalleryTest -->
