<?xml version="1.0" encoding="UTF-8"?>
<!-- Generated by org.testng.reporters.JUnitXMLReporter -->
<testsuite hostname="aditya" ignored="0" name="MessagingTest" tests="1" failures="1" timestamp="2022-03-21T15:12:58 IST" time="0.121" errors="0">
  <testcase name="MessagingTest" time="0.009" classname="Messaging.SendAndReciveMessages">
    <failure type="java.lang.NullPointerException">
      <![CDATA[java.lang.NullPointerException
at Messaging.SendAndReciveMessages.MessagingTest(SendAndReciveMessages.java:55)
at java.util.concurrent.ThreadPoolExecutor.runWorker(ThreadPoolExecutor.java:1149)
at java.util.concurrent.ThreadPoolExecutor$Worker.run(ThreadPoolExecutor.java:624)
at java.lang.Thread.run(Thread.java:748)
... Removed 12 stack frames]]>
    </failure>
  </testcase> <!-- MessagingTest -->
</testsuite> <!-- MessagingTest -->
