<?xml version="1.0" encoding="UTF-8"?>
<!-- Generated by org.testng.reporters.JUnitXMLReporter -->
<testsuite ignored="0" hostname="invlko047-Latitude-7490" failures="0" tests="1" name="SecurityTest" time="96.305" errors="0" timestamp="2023-03-02T18:11:13 IST">
  <testcase classname="Security.SecurityUpdate_FindMyDevice_ScreenLock_SmartLock_DeviceAdminApps_EncryptionAndCredentials_TrustAgents_AppPinning_Tests" name="SecurityUpdate_FindMyDevice_ScreenLock_SmartLock_DeviceAdminApps_EncryptionAndCredentials_TrustAgents_AppPinning_Test" time="85.274"/>
</testsuite> <!-- SecurityTest -->
